<?xml version="1.0" encoding="UTF-8"?>
<testsuite name="Downloading images from amazon" tests="1" skipped="0" failures="0" errors="0" timestamp="2020-12-03T17:57:07" hostname="YDCOMPUTER" time="5.704">
  <properties/>
  <testcase name="Check that the user is able to successfully navigate to an amazon product page" classname="Downloading images from amazon" time="5.704"/>
  <system-out><![CDATA[]]></system-out>
  <system-err><![CDATA[Starting ChromeDriver 87.0.4280.88 (89e2380a3e36c3464b5dd1302349b1382549290d-refs/branch-heads/4280@{#1761}) on port 45130
Only local connections are allowed.
Please see https://chromedriver.chromium.org/security-considerations for suggestions on keeping ChromeDriver safe.
ChromeDriver was started successfully.
Dec 03, 2020 5:57:10 PM org.openqa.selenium.remote.ProtocolHandshake createSession
INFO: Detected dialect: W3C
]]></system-err>
</testsuite>
